2026-03-14 10:25:50,448 - distributed.nanny - INFO -         Start Nanny at: 'tcp://10.100.162.81:36773'
2026-03-14 10:25:51,376 - distributed.worker - INFO -       Start worker at:  tcp://10.100.162.81:46577
2026-03-14 10:25:51,377 - distributed.worker - INFO -          Listening to:  tcp://10.100.162.81:46577
2026-03-14 10:25:51,377 - distributed.worker - INFO -           Worker name:             SLURMCluster-1
2026-03-14 10:25:51,377 - distributed.worker - INFO -          dashboard at:        10.100.162.81:36155
2026-03-14 10:25:51,377 - distributed.worker - INFO - Waiting to connect to:  tcp://10.100.162.59:33697
2026-03-14 10:25:51,377 - distributed.worker - INFO - -------------------------------------------------
2026-03-14 10:25:51,377 - distributed.worker - INFO -               Threads:                         70
2026-03-14 10:25:51,377 - distributed.worker - INFO -                Memory:                 465.66 GiB
2026-03-14 10:25:51,377 - distributed.worker - INFO -       Local Directory: /project/bioinformatics/Danuser_lab/Dean/dean/temp/dask-scratch-space/worker-r0di2ooy
2026-03-14 10:25:51,377 - distributed.worker - INFO - -------------------------------------------------
2026-03-14 10:25:55,472 - distributed.worker - INFO - Starting Worker plugin shuffle
2026-03-14 10:25:55,473 - distributed.worker - INFO -         Registered to:  tcp://10.100.162.59:33697
2026-03-14 10:25:55,473 - distributed.worker - INFO - -------------------------------------------------
2026-03-14 10:25:55,473 - distributed.core - INFO - Starting established connection to tcp://10.100.162.59:33697
2026-03-14 10:26:11,051 - distributed.core - INFO - Event loop was unresponsive in Worker for 12.62s.  This is often caused by long-running GIL-holding functions or moving large chunks of data. This can cause timeouts and instability.
/project/bioinformatics/Danuser_lab/Dean/dean/git/clearex/.venv/lib/python3.12/site-packages/zarr/n5.py:77: FutureWarning: The N5Store is deprecated and will be removed in a Zarr-Python version 3, see https://github.com/zarr-developers/zarr-python/issues/1274 for more information.
  super().__init__(*args, **kwargs)
/project/bioinformatics/Danuser_lab/Dean/dean/git/clearex/.venv/lib/python3.12/site-packages/zarr/storage.py:179: FutureWarning: The N5Store is deprecated and will be removed in a Zarr-Python version 3, see https://github.com/zarr-developers/zarr-python/issues/1274 and https://github.com/zarr-developers/n5py for more information.
  return N5Store(store)
2026-03-14 10:26:39,246 - distributed.core - INFO - Event loop was unresponsive in Worker for 3.71s.  This is often caused by long-running GIL-holding functions or moving large chunks of data. This can cause timeouts and instability.
2026-03-14 10:26:44,104 - distributed.core - INFO - Event loop was unresponsive in Worker for 4.86s.  This is often caused by long-running GIL-holding functions or moving large chunks of data. This can cause timeouts and instability.
2026-03-14 10:26:54,696 - distributed.core - INFO - Event loop was unresponsive in Worker for 4.12s.  This is often caused by long-running GIL-holding functions or moving large chunks of data. This can cause timeouts and instability.
2026-03-14 10:26:58,439 - distributed.core - INFO - Event loop was unresponsive in Worker for 3.74s.  This is often caused by long-running GIL-holding functions or moving large chunks of data. This can cause timeouts and instability.
2026-03-14 10:27:07,038 - distributed.core - INFO - Event loop was unresponsive in Worker for 3.80s.  This is often caused by long-running GIL-holding functions or moving large chunks of data. This can cause timeouts and instability.
2026-03-14 10:27:30,121 - distributed.core - INFO - Event loop was unresponsive in Worker for 14.32s.  This is often caused by long-running GIL-holding functions or moving large chunks of data. This can cause timeouts and instability.
2026-03-14 10:27:37,221 - distributed.core - INFO - Event loop was unresponsive in Worker for 7.01s.  This is often caused by long-running GIL-holding functions or moving large chunks of data. This can cause timeouts and instability.
2026-03-14 10:28:03,291 - distributed.core - INFO - Event loop was unresponsive in Worker for 22.34s.  This is often caused by long-running GIL-holding functions or moving large chunks of data. This can cause timeouts and instability.
/project/bioinformatics/Danuser_lab/Dean/dean/git/clearex/.venv/lib/python3.12/site-packages/zarr/n5.py:77: FutureWarning: The N5Store is deprecated and will be removed in a Zarr-Python version 3, see https://github.com/zarr-developers/zarr-python/issues/1274 for more information.
  super().__init__(*args, **kwargs)
/project/bioinformatics/Danuser_lab/Dean/dean/git/clearex/.venv/lib/python3.12/site-packages/zarr/storage.py:179: FutureWarning: The N5Store is deprecated and will be removed in a Zarr-Python version 3, see https://github.com/zarr-developers/zarr-python/issues/1274 and https://github.com/zarr-developers/n5py for more information.
  return N5Store(store)
2026-03-14 12:01:52,015 - distributed.core - INFO - Event loop was unresponsive in Worker for 3.41s.  This is often caused by long-running GIL-holding functions or moving large chunks of data. This can cause timeouts and instability.
2026-03-14 13:15:17,219 - distributed.core - INFO - Event loop was unresponsive in Worker for 3.96s.  This is often caused by long-running GIL-holding functions or moving large chunks of data. This can cause timeouts and instability.
2026-03-14 13:15:26,160 - distributed.core - INFO - Event loop was unresponsive in Worker for 3.03s.  This is often caused by long-running GIL-holding functions or moving large chunks of data. This can cause timeouts and instability.
2026-03-14 13:15:31,457 - distributed.core - INFO - Event loop was unresponsive in Worker for 4.86s.  This is often caused by long-running GIL-holding functions or moving large chunks of data. This can cause timeouts and instability.
2026-03-14 13:15:37,932 - distributed.core - INFO - Event loop was unresponsive in Worker for 3.47s.  This is often caused by long-running GIL-holding functions or moving large chunks of data. This can cause timeouts and instability.
2026-03-14 13:15:42,748 - distributed.core - INFO - Event loop was unresponsive in Worker for 4.82s.  This is often caused by long-running GIL-holding functions or moving large chunks of data. This can cause timeouts and instability.
2026-03-14 13:15:47,064 - distributed.core - INFO - Event loop was unresponsive in Worker for 3.43s.  This is often caused by long-running GIL-holding functions or moving large chunks of data. This can cause timeouts and instability.
2026-03-14 13:15:50,852 - distributed.core - INFO - Event loop was unresponsive in Worker for 3.79s.  This is often caused by long-running GIL-holding functions or moving large chunks of data. This can cause timeouts and instability.
2026-03-14 13:15:55,654 - distributed.core - INFO - Event loop was unresponsive in Worker for 4.10s.  This is often caused by long-running GIL-holding functions or moving large chunks of data. This can cause timeouts and instability.
2026-03-14 13:16:20,816 - distributed.core - INFO - Event loop was unresponsive in Worker for 3.29s.  This is often caused by long-running GIL-holding functions or moving large chunks of data. This can cause timeouts and instability.
2026-03-14 13:16:30,349 - distributed.core - INFO - Event loop was unresponsive in Worker for 3.15s.  This is often caused by long-running GIL-holding functions or moving large chunks of data. This can cause timeouts and instability.
2026-03-14 13:16:58,243 - distributed.core - INFO - Event loop was unresponsive in Worker for 3.18s.  This is often caused by long-running GIL-holding functions or moving large chunks of data. This can cause timeouts and instability.
2026-03-14 13:17:05,195 - distributed.core - INFO - Event loop was unresponsive in Worker for 3.86s.  This is often caused by long-running GIL-holding functions or moving large chunks of data. This can cause timeouts and instability.
2026-03-14 13:17:17,447 - distributed.core - INFO - Event loop was unresponsive in Worker for 3.48s.  This is often caused by long-running GIL-holding functions or moving large chunks of data. This can cause timeouts and instability.
2026-03-14 13:17:20,873 - distributed.core - INFO - Event loop was unresponsive in Worker for 3.43s.  This is often caused by long-running GIL-holding functions or moving large chunks of data. This can cause timeouts and instability.
2026-03-14 13:17:25,675 - distributed.core - INFO - Event loop was unresponsive in Worker for 4.57s.  This is often caused by long-running GIL-holding functions or moving large chunks of data. This can cause timeouts and instability.
2026-03-14 13:17:29,506 - distributed.core - INFO - Event loop was unresponsive in Worker for 3.83s.  This is often caused by long-running GIL-holding functions or moving large chunks of data. This can cause timeouts and instability.
2026-03-14 13:17:33,031 - distributed.core - INFO - Event loop was unresponsive in Worker for 3.52s.  This is often caused by long-running GIL-holding functions or moving large chunks of data. This can cause timeouts and instability.
2026-03-14 13:17:37,676 - distributed.core - INFO - Event loop was unresponsive in Worker for 3.44s.  This is often caused by long-running GIL-holding functions or moving large chunks of data. This can cause timeouts and instability.
2026-03-14 13:17:40,958 - distributed.core - INFO - Event loop was unresponsive in Worker for 3.28s.  This is often caused by long-running GIL-holding functions or moving large chunks of data. This can cause timeouts and instability.
2026-03-14 13:17:44,201 - distributed.core - INFO - Event loop was unresponsive in Worker for 3.24s.  This is often caused by long-running GIL-holding functions or moving large chunks of data. This can cause timeouts and instability.
2026-03-14 13:18:07,738 - distributed.core - INFO - Event loop was unresponsive in Worker for 3.74s.  This is often caused by long-running GIL-holding functions or moving large chunks of data. This can cause timeouts and instability.
2026-03-14 13:18:48,760 - distributed.core - INFO - Event loop was unresponsive in Worker for 5.74s.  This is often caused by long-running GIL-holding functions or moving large chunks of data. This can cause timeouts and instability.
2026-03-14 13:18:52,325 - distributed.core - INFO - Event loop was unresponsive in Worker for 3.57s.  This is often caused by long-running GIL-holding functions or moving large chunks of data. This can cause timeouts and instability.
2026-03-14 13:18:55,371 - distributed.core - INFO - Event loop was unresponsive in Worker for 3.05s.  This is often caused by long-running GIL-holding functions or moving large chunks of data. This can cause timeouts and instability.
2026-03-14 13:19:07,537 - distributed.core - INFO - Event loop was unresponsive in Worker for 3.09s.  This is often caused by long-running GIL-holding functions or moving large chunks of data. This can cause timeouts and instability.
2026-03-14 13:19:17,593 - distributed.core - INFO - Event loop was unresponsive in Worker for 4.31s.  This is often caused by long-running GIL-holding functions or moving large chunks of data. This can cause timeouts and instability.
2026-03-14 13:19:24,705 - distributed.core - INFO - Event loop was unresponsive in Worker for 3.74s.  This is often caused by long-running GIL-holding functions or moving large chunks of data. This can cause timeouts and instability.
2026-03-14 13:20:27,671 - distributed.core - INFO - Event loop was unresponsive in Worker for 4.17s.  This is often caused by long-running GIL-holding functions or moving large chunks of data. This can cause timeouts and instability.
2026-03-14 13:20:31,475 - distributed.core - INFO - Event loop was unresponsive in Worker for 3.48s.  This is often caused by long-running GIL-holding functions or moving large chunks of data. This can cause timeouts and instability.
2026-03-14 13:20:45,027 - distributed.core - INFO - Event loop was unresponsive in Worker for 3.69s.  This is often caused by long-running GIL-holding functions or moving large chunks of data. This can cause timeouts and instability.
2026-03-14 13:20:49,818 - distributed.core - INFO - Event loop was unresponsive in Worker for 3.51s.  This is often caused by long-running GIL-holding functions or moving large chunks of data. This can cause timeouts and instability.
2026-03-14 13:21:01,565 - distributed.core - INFO - Event loop was unresponsive in Worker for 3.51s.  This is often caused by long-running GIL-holding functions or moving large chunks of data. This can cause timeouts and instability.
2026-03-14 13:21:04,970 - distributed.core - INFO - Event loop was unresponsive in Worker for 3.41s.  This is often caused by long-running GIL-holding functions or moving large chunks of data. This can cause timeouts and instability.
2026-03-14 13:22:08,372 - distributed.core - INFO - Event loop was unresponsive in Worker for 3.67s.  This is often caused by long-running GIL-holding functions or moving large chunks of data. This can cause timeouts and instability.
2026-03-14 13:22:17,525 - distributed.core - INFO - Event loop was unresponsive in Worker for 3.60s.  This is often caused by long-running GIL-holding functions or moving large chunks of data. This can cause timeouts and instability.
2026-03-14 13:23:59,154 - distributed.core - INFO - Event loop was unresponsive in Worker for 4.06s.  This is often caused by long-running GIL-holding functions or moving large chunks of data. This can cause timeouts and instability.
2026-03-14 13:24:02,468 - distributed.core - INFO - Event loop was unresponsive in Worker for 3.31s.  This is often caused by long-running GIL-holding functions or moving large chunks of data. This can cause timeouts and instability.
2026-03-14 13:24:12,172 - distributed.core - INFO - Event loop was unresponsive in Worker for 3.61s.  This is often caused by long-running GIL-holding functions or moving large chunks of data. This can cause timeouts and instability.
2026-03-14 13:25:38,080 - distributed.core - INFO - Event loop was unresponsive in Worker for 3.39s.  This is often caused by long-running GIL-holding functions or moving large chunks of data. This can cause timeouts and instability.
2026-03-14 13:25:44,722 - distributed.core - INFO - Event loop was unresponsive in Worker for 3.58s.  This is often caused by long-running GIL-holding functions or moving large chunks of data. This can cause timeouts and instability.
2026-03-14 13:25:49,432 - distributed.core - INFO - Event loop was unresponsive in Worker for 4.71s.  This is often caused by long-running GIL-holding functions or moving large chunks of data. This can cause timeouts and instability.
2026-03-14 13:25:53,325 - distributed.core - INFO - Event loop was unresponsive in Worker for 3.89s.  This is often caused by long-running GIL-holding functions or moving large chunks of data. This can cause timeouts and instability.
2026-03-14 13:25:56,551 - distributed.core - INFO - Event loop was unresponsive in Worker for 3.23s.  This is often caused by long-running GIL-holding functions or moving large chunks of data. This can cause timeouts and instability.
2026-03-14 13:26:17,838 - distributed.core - INFO - Event loop was unresponsive in Worker for 3.13s.  This is often caused by long-running GIL-holding functions or moving large chunks of data. This can cause timeouts and instability.
2026-03-14 13:27:16,188 - distributed.core - INFO - Event loop was unresponsive in Worker for 3.52s.  This is often caused by long-running GIL-holding functions or moving large chunks of data. This can cause timeouts and instability.
slurmstepd: error: *** JOB 10374378 ON NucleusB081 CANCELLED AT 2026-03-14T13:36:56 ***
