2026-03-14 10:25:50,446 - distributed.nanny - INFO -         Start Nanny at: 'tcp://10.100.162.72:46807'
2026-03-14 10:25:51,375 - distributed.worker - INFO -       Start worker at:  tcp://10.100.162.72:36989
2026-03-14 10:25:51,375 - distributed.worker - INFO -          Listening to:  tcp://10.100.162.72:36989
2026-03-14 10:25:51,375 - distributed.worker - INFO -           Worker name:             SLURMCluster-2
2026-03-14 10:25:51,375 - distributed.worker - INFO -          dashboard at:        10.100.162.72:43533
2026-03-14 10:25:51,376 - distributed.worker - INFO - Waiting to connect to:  tcp://10.100.162.59:33697
2026-03-14 10:25:51,376 - distributed.worker - INFO - -------------------------------------------------
2026-03-14 10:25:51,376 - distributed.worker - INFO -               Threads:                         70
2026-03-14 10:25:51,376 - distributed.worker - INFO -                Memory:                 465.66 GiB
2026-03-14 10:25:51,376 - distributed.worker - INFO -       Local Directory: /project/bioinformatics/Danuser_lab/Dean/dean/temp/dask-scratch-space/worker-e142ep38
2026-03-14 10:25:51,376 - distributed.worker - INFO - -------------------------------------------------
2026-03-14 10:25:55,471 - distributed.worker - INFO - Starting Worker plugin shuffle
2026-03-14 10:25:55,471 - distributed.worker - INFO -         Registered to:  tcp://10.100.162.59:33697
2026-03-14 10:25:55,471 - distributed.worker - INFO - -------------------------------------------------
2026-03-14 10:25:55,472 - distributed.core - INFO - Starting established connection to tcp://10.100.162.59:33697
2026-03-14 10:26:10,997 - distributed.core - INFO - Event loop was unresponsive in Worker for 12.59s.  This is often caused by long-running GIL-holding functions or moving large chunks of data. This can cause timeouts and instability.
/project/bioinformatics/Danuser_lab/Dean/dean/git/clearex/.venv/lib/python3.12/site-packages/zarr/n5.py:77: FutureWarning: The N5Store is deprecated and will be removed in a Zarr-Python version 3, see https://github.com/zarr-developers/zarr-python/issues/1274 for more information.
  super().__init__(*args, **kwargs)
/project/bioinformatics/Danuser_lab/Dean/dean/git/clearex/.venv/lib/python3.12/site-packages/zarr/storage.py:179: FutureWarning: The N5Store is deprecated and will be removed in a Zarr-Python version 3, see https://github.com/zarr-developers/zarr-python/issues/1274 and https://github.com/zarr-developers/n5py for more information.
  return N5Store(store)
2026-03-14 10:26:34,896 - distributed.core - INFO - Event loop was unresponsive in Worker for 4.35s.  This is often caused by long-running GIL-holding functions or moving large chunks of data. This can cause timeouts and instability.
2026-03-14 10:26:38,471 - distributed.core - INFO - Event loop was unresponsive in Worker for 3.57s.  This is often caused by long-running GIL-holding functions or moving large chunks of data. This can cause timeouts and instability.
2026-03-14 10:26:44,483 - distributed.core - INFO - Event loop was unresponsive in Worker for 6.01s.  This is often caused by long-running GIL-holding functions or moving large chunks of data. This can cause timeouts and instability.
2026-03-14 10:26:49,858 - distributed.core - INFO - Event loop was unresponsive in Worker for 5.38s.  This is often caused by long-running GIL-holding functions or moving large chunks of data. This can cause timeouts and instability.
2026-03-14 10:26:52,890 - distributed.core - INFO - Event loop was unresponsive in Worker for 3.03s.  This is often caused by long-running GIL-holding functions or moving large chunks of data. This can cause timeouts and instability.
2026-03-14 10:26:56,647 - distributed.core - INFO - Event loop was unresponsive in Worker for 3.76s.  This is often caused by long-running GIL-holding functions or moving large chunks of data. This can cause timeouts and instability.
2026-03-14 10:27:00,095 - distributed.core - INFO - Event loop was unresponsive in Worker for 3.45s.  This is often caused by long-running GIL-holding functions or moving large chunks of data. This can cause timeouts and instability.
2026-03-14 10:27:30,126 - distributed.core - INFO - Event loop was unresponsive in Worker for 13.27s.  This is often caused by long-running GIL-holding functions or moving large chunks of data. This can cause timeouts and instability.
2026-03-14 10:27:37,224 - distributed.core - INFO - Event loop was unresponsive in Worker for 7.03s.  This is often caused by long-running GIL-holding functions or moving large chunks of data. This can cause timeouts and instability.
2026-03-14 10:28:03,273 - distributed.core - INFO - Event loop was unresponsive in Worker for 22.32s.  This is often caused by long-running GIL-holding functions or moving large chunks of data. This can cause timeouts and instability.
/project/bioinformatics/Danuser_lab/Dean/dean/git/clearex/.venv/lib/python3.12/site-packages/zarr/n5.py:77: FutureWarning: The N5Store is deprecated and will be removed in a Zarr-Python version 3, see https://github.com/zarr-developers/zarr-python/issues/1274 for more information.
  super().__init__(*args, **kwargs)
/project/bioinformatics/Danuser_lab/Dean/dean/git/clearex/.venv/lib/python3.12/site-packages/zarr/storage.py:179: FutureWarning: The N5Store is deprecated and will be removed in a Zarr-Python version 3, see https://github.com/zarr-developers/zarr-python/issues/1274 and https://github.com/zarr-developers/n5py for more information.
  return N5Store(store)
2026-03-14 10:46:07,569 - distributed.core - INFO - Event loop was unresponsive in Worker for 9.65s.  This is often caused by long-running GIL-holding functions or moving large chunks of data. This can cause timeouts and instability.
2026-03-14 12:39:13,707 - distributed.core - INFO - Event loop was unresponsive in Worker for 5.24s.  This is often caused by long-running GIL-holding functions or moving large chunks of data. This can cause timeouts and instability.
2026-03-14 13:15:12,260 - distributed.core - INFO - Event loop was unresponsive in Worker for 3.85s.  This is often caused by long-running GIL-holding functions or moving large chunks of data. This can cause timeouts and instability.
2026-03-14 13:15:17,293 - distributed.core - INFO - Event loop was unresponsive in Worker for 5.40s.  This is often caused by long-running GIL-holding functions or moving large chunks of data. This can cause timeouts and instability.
2026-03-14 13:15:21,188 - distributed.core - INFO - Event loop was unresponsive in Worker for 3.33s.  This is often caused by long-running GIL-holding functions or moving large chunks of data. This can cause timeouts and instability.
2026-03-14 13:15:25,113 - distributed.core - INFO - Event loop was unresponsive in Worker for 3.93s.  This is often caused by long-running GIL-holding functions or moving large chunks of data. This can cause timeouts and instability.
2026-03-14 13:15:31,652 - distributed.core - INFO - Event loop was unresponsive in Worker for 4.09s.  This is often caused by long-running GIL-holding functions or moving large chunks of data. This can cause timeouts and instability.
2026-03-14 13:15:44,845 - distributed.core - INFO - Event loop was unresponsive in Worker for 5.40s.  This is often caused by long-running GIL-holding functions or moving large chunks of data. This can cause timeouts and instability.
2026-03-14 13:15:51,144 - distributed.core - INFO - Event loop was unresponsive in Worker for 3.02s.  This is often caused by long-running GIL-holding functions or moving large chunks of data. This can cause timeouts and instability.
2026-03-14 13:16:58,088 - distributed.core - INFO - Event loop was unresponsive in Worker for 3.36s.  This is often caused by long-running GIL-holding functions or moving large chunks of data. This can cause timeouts and instability.
2026-03-14 13:17:04,441 - distributed.core - INFO - Event loop was unresponsive in Worker for 5.96s.  This is often caused by long-running GIL-holding functions or moving large chunks of data. This can cause timeouts and instability.
2026-03-14 13:17:13,187 - distributed.core - INFO - Event loop was unresponsive in Worker for 3.46s.  This is often caused by long-running GIL-holding functions or moving large chunks of data. This can cause timeouts and instability.
2026-03-14 13:17:19,516 - distributed.core - INFO - Event loop was unresponsive in Worker for 3.46s.  This is often caused by long-running GIL-holding functions or moving large chunks of data. This can cause timeouts and instability.
2026-03-14 13:17:22,880 - distributed.core - INFO - Event loop was unresponsive in Worker for 3.36s.  This is often caused by long-running GIL-holding functions or moving large chunks of data. This can cause timeouts and instability.
2026-03-14 13:17:26,538 - distributed.core - INFO - Event loop was unresponsive in Worker for 3.66s.  This is often caused by long-running GIL-holding functions or moving large chunks of data. This can cause timeouts and instability.
2026-03-14 13:17:31,150 - distributed.core - INFO - Event loop was unresponsive in Worker for 3.43s.  This is often caused by long-running GIL-holding functions or moving large chunks of data. This can cause timeouts and instability.
2026-03-14 13:17:35,014 - distributed.core - INFO - Event loop was unresponsive in Worker for 3.44s.  This is often caused by long-running GIL-holding functions or moving large chunks of data. This can cause timeouts and instability.
2026-03-14 13:17:39,616 - distributed.core - INFO - Event loop was unresponsive in Worker for 4.13s.  This is often caused by long-running GIL-holding functions or moving large chunks of data. This can cause timeouts and instability.
2026-03-14 13:18:40,883 - distributed.core - INFO - Event loop was unresponsive in Worker for 3.29s.  This is often caused by long-running GIL-holding functions or moving large chunks of data. This can cause timeouts and instability.
2026-03-14 13:18:45,721 - distributed.core - INFO - Event loop was unresponsive in Worker for 3.11s.  This is often caused by long-running GIL-holding functions or moving large chunks of data. This can cause timeouts and instability.
2026-03-14 13:18:52,025 - distributed.core - INFO - Event loop was unresponsive in Worker for 3.54s.  This is often caused by long-running GIL-holding functions or moving large chunks of data. This can cause timeouts and instability.
2026-03-14 13:19:08,569 - distributed.core - INFO - Event loop was unresponsive in Worker for 3.11s.  This is often caused by long-running GIL-holding functions or moving large chunks of data. This can cause timeouts and instability.
2026-03-14 13:19:15,492 - distributed.core - INFO - Event loop was unresponsive in Worker for 4.51s.  This is often caused by long-running GIL-holding functions or moving large chunks of data. This can cause timeouts and instability.
2026-03-14 13:19:19,160 - distributed.core - INFO - Event loop was unresponsive in Worker for 3.18s.  This is often caused by long-running GIL-holding functions or moving large chunks of data. This can cause timeouts and instability.
2026-03-14 13:20:35,739 - distributed.core - INFO - Event loop was unresponsive in Worker for 3.36s.  This is often caused by long-running GIL-holding functions or moving large chunks of data. This can cause timeouts and instability.
2026-03-14 13:20:42,040 - distributed.core - INFO - Event loop was unresponsive in Worker for 3.28s.  This is often caused by long-running GIL-holding functions or moving large chunks of data. This can cause timeouts and instability.
2026-03-14 13:20:58,725 - distributed.core - INFO - Event loop was unresponsive in Worker for 3.09s.  This is often caused by long-running GIL-holding functions or moving large chunks of data. This can cause timeouts and instability.
2026-03-14 13:21:03,449 - distributed.core - INFO - Event loop was unresponsive in Worker for 3.96s.  This is often caused by long-running GIL-holding functions or moving large chunks of data. This can cause timeouts and instability.
2026-03-14 13:22:09,294 - distributed.core - INFO - Event loop was unresponsive in Worker for 3.15s.  This is often caused by long-running GIL-holding functions or moving large chunks of data. This can cause timeouts and instability.
2026-03-14 13:22:15,471 - distributed.core - INFO - Event loop was unresponsive in Worker for 3.58s.  This is often caused by long-running GIL-holding functions or moving large chunks of data. This can cause timeouts and instability.
2026-03-14 13:22:18,520 - distributed.core - INFO - Event loop was unresponsive in Worker for 3.05s.  This is often caused by long-running GIL-holding functions or moving large chunks of data. This can cause timeouts and instability.
2026-03-14 13:22:23,073 - distributed.core - INFO - Event loop was unresponsive in Worker for 3.69s.  This is often caused by long-running GIL-holding functions or moving large chunks of data. This can cause timeouts and instability.
2026-03-14 13:22:29,357 - distributed.core - INFO - Event loop was unresponsive in Worker for 3.00s.  This is often caused by long-running GIL-holding functions or moving large chunks of data. This can cause timeouts and instability.
2026-03-14 13:23:50,315 - distributed.core - INFO - Event loop was unresponsive in Worker for 3.28s.  This is often caused by long-running GIL-holding functions or moving large chunks of data. This can cause timeouts and instability.
2026-03-14 13:23:55,061 - distributed.core - INFO - Event loop was unresponsive in Worker for 4.55s.  This is often caused by long-running GIL-holding functions or moving large chunks of data. This can cause timeouts and instability.
2026-03-14 13:23:58,303 - distributed.core - INFO - Event loop was unresponsive in Worker for 3.24s.  This is often caused by long-running GIL-holding functions or moving large chunks of data. This can cause timeouts and instability.
2026-03-14 13:24:01,716 - distributed.core - INFO - Event loop was unresponsive in Worker for 3.16s.  This is often caused by long-running GIL-holding functions or moving large chunks of data. This can cause timeouts and instability.
2026-03-14 13:24:05,148 - distributed.core - INFO - Event loop was unresponsive in Worker for 3.43s.  This is often caused by long-running GIL-holding functions or moving large chunks of data. This can cause timeouts and instability.
2026-03-14 13:24:08,966 - distributed.core - INFO - Event loop was unresponsive in Worker for 3.82s.  This is often caused by long-running GIL-holding functions or moving large chunks of data. This can cause timeouts and instability.
2026-03-14 13:24:12,279 - distributed.core - INFO - Event loop was unresponsive in Worker for 3.31s.  This is often caused by long-running GIL-holding functions or moving large chunks of data. This can cause timeouts and instability.
2026-03-14 13:24:15,793 - distributed.core - INFO - Event loop was unresponsive in Worker for 3.51s.  This is often caused by long-running GIL-holding functions or moving large chunks of data. This can cause timeouts and instability.
2026-03-14 13:24:21,541 - distributed.core - INFO - Event loop was unresponsive in Worker for 3.20s.  This is often caused by long-running GIL-holding functions or moving large chunks of data. This can cause timeouts and instability.
2026-03-14 13:24:28,413 - distributed.core - INFO - Event loop was unresponsive in Worker for 3.28s.  This is often caused by long-running GIL-holding functions or moving large chunks of data. This can cause timeouts and instability.
2026-03-14 13:25:25,833 - distributed.core - INFO - Event loop was unresponsive in Worker for 3.25s.  This is often caused by long-running GIL-holding functions or moving large chunks of data. This can cause timeouts and instability.
2026-03-14 13:25:29,888 - distributed.core - INFO - Event loop was unresponsive in Worker for 4.06s.  This is often caused by long-running GIL-holding functions or moving large chunks of data. This can cause timeouts and instability.
2026-03-14 13:25:38,594 - distributed.core - INFO - Event loop was unresponsive in Worker for 3.58s.  This is often caused by long-running GIL-holding functions or moving large chunks of data. This can cause timeouts and instability.
2026-03-14 13:25:42,708 - distributed.core - INFO - Event loop was unresponsive in Worker for 3.70s.  This is often caused by long-running GIL-holding functions or moving large chunks of data. This can cause timeouts and instability.
2026-03-14 13:25:48,607 - distributed.core - INFO - Event loop was unresponsive in Worker for 3.09s.  This is often caused by long-running GIL-holding functions or moving large chunks of data. This can cause timeouts and instability.
2026-03-14 13:25:59,433 - distributed.core - INFO - Event loop was unresponsive in Worker for 3.81s.  This is often caused by long-running GIL-holding functions or moving large chunks of data. This can cause timeouts and instability.
2026-03-14 13:26:02,913 - distributed.core - INFO - Event loop was unresponsive in Worker for 3.48s.  This is often caused by long-running GIL-holding functions or moving large chunks of data. This can cause timeouts and instability.
2026-03-14 13:26:06,509 - distributed.core - INFO - Event loop was unresponsive in Worker for 3.33s.  This is often caused by long-running GIL-holding functions or moving large chunks of data. This can cause timeouts and instability.
2026-03-14 13:27:21,227 - distributed.core - INFO - Event loop was unresponsive in Worker for 3.12s.  This is often caused by long-running GIL-holding functions or moving large chunks of data. This can cause timeouts and instability.
2026-03-14 13:27:28,704 - distributed.core - INFO - Event loop was unresponsive in Worker for 3.19s.  This is often caused by long-running GIL-holding functions or moving large chunks of data. This can cause timeouts and instability.
2026-03-14 13:27:32,382 - distributed.core - INFO - Event loop was unresponsive in Worker for 3.16s.  This is often caused by long-running GIL-holding functions or moving large chunks of data. This can cause timeouts and instability.
2026-03-14 13:27:35,732 - distributed.core - INFO - Event loop was unresponsive in Worker for 3.35s.  This is often caused by long-running GIL-holding functions or moving large chunks of data. This can cause timeouts and instability.
2026-03-14 13:27:38,793 - distributed.core - INFO - Event loop was unresponsive in Worker for 3.06s.  This is often caused by long-running GIL-holding functions or moving large chunks of data. This can cause timeouts and instability.
2026-03-14 13:27:45,212 - distributed.core - INFO - Event loop was unresponsive in Worker for 3.43s.  This is often caused by long-running GIL-holding functions or moving large chunks of data. This can cause timeouts and instability.
2026-03-14 13:36:53,664 - distributed.core - INFO - Event loop was unresponsive in Worker for 3.10s.  This is often caused by long-running GIL-holding functions or moving large chunks of data. This can cause timeouts and instability.
slurmstepd: error: *** JOB 10374373 ON NucleusB072 CANCELLED AT 2026-03-14T13:36:56 ***
