2026-03-14 10:25:50,450 - distributed.nanny - INFO -         Start Nanny at: 'tcp://10.100.162.78:36587'
2026-03-14 10:25:51,274 - distributed.diskutils - INFO - Found stale lock file and directory '/project/bioinformatics/Danuser_lab/Dean/dean/temp/dask-scratch-space/worker-i3m80f7u', purging
2026-03-14 10:25:51,280 - distributed.diskutils - INFO - Found stale lock file and directory '/project/bioinformatics/Danuser_lab/Dean/dean/temp/dask-scratch-space/worker-1g04jfpz', purging
2026-03-14 10:25:51,285 - distributed.diskutils - INFO - Found stale lock file and directory '/project/bioinformatics/Danuser_lab/Dean/dean/temp/dask-scratch-space/worker-klwjkqja', purging
2026-03-14 10:25:51,290 - distributed.diskutils - INFO - Found stale lock file and directory '/project/bioinformatics/Danuser_lab/Dean/dean/temp/dask-scratch-space/worker-ay99tjm3', purging
2026-03-14 10:25:51,294 - distributed.diskutils - INFO - Found stale lock file and directory '/project/bioinformatics/Danuser_lab/Dean/dean/temp/dask-scratch-space/worker-wqvoc9z1', purging
2026-03-14 10:25:51,376 - distributed.worker - INFO -       Start worker at:  tcp://10.100.162.78:40819
2026-03-14 10:25:51,376 - distributed.worker - INFO -          Listening to:  tcp://10.100.162.78:40819
2026-03-14 10:25:51,376 - distributed.worker - INFO -           Worker name:             SLURMCluster-5
2026-03-14 10:25:51,376 - distributed.worker - INFO -          dashboard at:        10.100.162.78:33091
2026-03-14 10:25:51,376 - distributed.worker - INFO - Waiting to connect to:  tcp://10.100.162.59:33697
2026-03-14 10:25:51,376 - distributed.worker - INFO - -------------------------------------------------
2026-03-14 10:25:51,376 - distributed.worker - INFO -               Threads:                         70
2026-03-14 10:25:51,376 - distributed.worker - INFO -                Memory:                 465.66 GiB
2026-03-14 10:25:51,376 - distributed.worker - INFO -       Local Directory: /project/bioinformatics/Danuser_lab/Dean/dean/temp/dask-scratch-space/worker-euy4is7a
2026-03-14 10:25:51,376 - distributed.worker - INFO - -------------------------------------------------
2026-03-14 10:25:55,470 - distributed.worker - INFO - Starting Worker plugin shuffle
2026-03-14 10:25:55,471 - distributed.worker - INFO -         Registered to:  tcp://10.100.162.59:33697
2026-03-14 10:25:55,471 - distributed.worker - INFO - -------------------------------------------------
2026-03-14 10:25:55,471 - distributed.core - INFO - Starting established connection to tcp://10.100.162.59:33697
2026-03-14 10:26:11,051 - distributed.core - INFO - Event loop was unresponsive in Worker for 12.62s.  This is often caused by long-running GIL-holding functions or moving large chunks of data. This can cause timeouts and instability.
/project/bioinformatics/Danuser_lab/Dean/dean/git/clearex/.venv/lib/python3.12/site-packages/zarr/n5.py:77: FutureWarning: The N5Store is deprecated and will be removed in a Zarr-Python version 3, see https://github.com/zarr-developers/zarr-python/issues/1274 for more information.
  super().__init__(*args, **kwargs)
/project/bioinformatics/Danuser_lab/Dean/dean/git/clearex/.venv/lib/python3.12/site-packages/zarr/storage.py:179: FutureWarning: The N5Store is deprecated and will be removed in a Zarr-Python version 3, see https://github.com/zarr-developers/zarr-python/issues/1274 and https://github.com/zarr-developers/n5py for more information.
  return N5Store(store)
2026-03-14 10:26:32,557 - distributed.core - INFO - Event loop was unresponsive in Worker for 3.84s.  This is often caused by long-running GIL-holding functions or moving large chunks of data. This can cause timeouts and instability.
2026-03-14 10:26:37,425 - distributed.core - INFO - Event loop was unresponsive in Worker for 4.87s.  This is often caused by long-running GIL-holding functions or moving large chunks of data. This can cause timeouts and instability.
2026-03-14 10:26:54,084 - distributed.core - INFO - Event loop was unresponsive in Worker for 3.52s.  This is often caused by long-running GIL-holding functions or moving large chunks of data. This can cause timeouts and instability.
2026-03-14 10:26:58,001 - distributed.core - INFO - Event loop was unresponsive in Worker for 3.92s.  This is often caused by long-running GIL-holding functions or moving large chunks of data. This can cause timeouts and instability.
2026-03-14 10:27:03,525 - distributed.core - INFO - Event loop was unresponsive in Worker for 3.02s.  This is often caused by long-running GIL-holding functions or moving large chunks of data. This can cause timeouts and instability.
2026-03-14 10:27:30,120 - distributed.core - INFO - Event loop was unresponsive in Worker for 14.32s.  This is often caused by long-running GIL-holding functions or moving large chunks of data. This can cause timeouts and instability.
2026-03-14 10:27:37,244 - distributed.core - INFO - Event loop was unresponsive in Worker for 7.03s.  This is often caused by long-running GIL-holding functions or moving large chunks of data. This can cause timeouts and instability.
2026-03-14 10:28:03,298 - distributed.core - INFO - Event loop was unresponsive in Worker for 22.35s.  This is often caused by long-running GIL-holding functions or moving large chunks of data. This can cause timeouts and instability.
/project/bioinformatics/Danuser_lab/Dean/dean/git/clearex/.venv/lib/python3.12/site-packages/zarr/n5.py:77: FutureWarning: The N5Store is deprecated and will be removed in a Zarr-Python version 3, see https://github.com/zarr-developers/zarr-python/issues/1274 for more information.
  super().__init__(*args, **kwargs)
/project/bioinformatics/Danuser_lab/Dean/dean/git/clearex/.venv/lib/python3.12/site-packages/zarr/storage.py:179: FutureWarning: The N5Store is deprecated and will be removed in a Zarr-Python version 3, see https://github.com/zarr-developers/zarr-python/issues/1274 and https://github.com/zarr-developers/n5py for more information.
  return N5Store(store)
2026-03-14 10:45:55,523 - distributed.core - INFO - Event loop was unresponsive in Worker for 4.42s.  This is often caused by long-running GIL-holding functions or moving large chunks of data. This can cause timeouts and instability.
2026-03-14 13:15:14,275 - distributed.core - INFO - Event loop was unresponsive in Worker for 4.19s.  This is often caused by long-running GIL-holding functions or moving large chunks of data. This can cause timeouts and instability.
2026-03-14 13:15:19,415 - distributed.core - INFO - Event loop was unresponsive in Worker for 4.64s.  This is often caused by long-running GIL-holding functions or moving large chunks of data. This can cause timeouts and instability.
2026-03-14 13:15:24,479 - distributed.core - INFO - Event loop was unresponsive in Worker for 4.52s.  This is often caused by long-running GIL-holding functions or moving large chunks of data. This can cause timeouts and instability.
2026-03-14 13:15:33,771 - distributed.core - INFO - Event loop was unresponsive in Worker for 3.59s.  This is often caused by long-running GIL-holding functions or moving large chunks of data. This can cause timeouts and instability.
2026-03-14 13:15:39,643 - distributed.core - INFO - Event loop was unresponsive in Worker for 5.56s.  This is often caused by long-running GIL-holding functions or moving large chunks of data. This can cause timeouts and instability.
2026-03-14 13:15:42,786 - distributed.core - INFO - Event loop was unresponsive in Worker for 3.14s.  This is often caused by long-running GIL-holding functions or moving large chunks of data. This can cause timeouts and instability.
2026-03-14 13:15:52,630 - distributed.core - INFO - Event loop was unresponsive in Worker for 5.95s.  This is often caused by long-running GIL-holding functions or moving large chunks of data. This can cause timeouts and instability.
2026-03-14 13:16:20,406 - distributed.core - INFO - Event loop was unresponsive in Worker for 3.23s.  This is often caused by long-running GIL-holding functions or moving large chunks of data. This can cause timeouts and instability.
2026-03-14 13:16:24,282 - distributed.core - INFO - Event loop was unresponsive in Worker for 3.29s.  This is often caused by long-running GIL-holding functions or moving large chunks of data. This can cause timeouts and instability.
2026-03-14 13:17:07,507 - distributed.core - INFO - Event loop was unresponsive in Worker for 3.35s.  This is often caused by long-running GIL-holding functions or moving large chunks of data. This can cause timeouts and instability.
2026-03-14 13:17:11,224 - distributed.core - INFO - Event loop was unresponsive in Worker for 3.72s.  This is often caused by long-running GIL-holding functions or moving large chunks of data. This can cause timeouts and instability.
2026-03-14 13:17:15,113 - distributed.core - INFO - Event loop was unresponsive in Worker for 3.62s.  This is often caused by long-running GIL-holding functions or moving large chunks of data. This can cause timeouts and instability.
2026-03-14 13:17:18,419 - distributed.core - INFO - Event loop was unresponsive in Worker for 3.31s.  This is often caused by long-running GIL-holding functions or moving large chunks of data. This can cause timeouts and instability.
2026-03-14 13:17:25,644 - distributed.core - INFO - Event loop was unresponsive in Worker for 4.30s.  This is often caused by long-running GIL-holding functions or moving large chunks of data. This can cause timeouts and instability.
2026-03-14 13:17:30,979 - distributed.core - INFO - Event loop was unresponsive in Worker for 4.31s.  This is often caused by long-running GIL-holding functions or moving large chunks of data. This can cause timeouts and instability.
2026-03-14 13:17:35,051 - distributed.core - INFO - Event loop was unresponsive in Worker for 4.07s.  This is often caused by long-running GIL-holding functions or moving large chunks of data. This can cause timeouts and instability.
2026-03-14 13:17:39,794 - distributed.core - INFO - Event loop was unresponsive in Worker for 4.74s.  This is often caused by long-running GIL-holding functions or moving large chunks of data. This can cause timeouts and instability.
2026-03-14 13:17:57,316 - distributed.core - INFO - Event loop was unresponsive in Worker for 3.58s.  This is often caused by long-running GIL-holding functions or moving large chunks of data. This can cause timeouts and instability.
2026-03-14 13:18:00,470 - distributed.core - INFO - Event loop was unresponsive in Worker for 3.15s.  This is often caused by long-running GIL-holding functions or moving large chunks of data. This can cause timeouts and instability.
2026-03-14 13:18:09,901 - distributed.core - INFO - Event loop was unresponsive in Worker for 3.41s.  This is often caused by long-running GIL-holding functions or moving large chunks of data. This can cause timeouts and instability.
2026-03-14 13:18:45,746 - distributed.core - INFO - Event loop was unresponsive in Worker for 3.07s.  This is often caused by long-running GIL-holding functions or moving large chunks of data. This can cause timeouts and instability.
2026-03-14 13:18:50,344 - distributed.core - INFO - Event loop was unresponsive in Worker for 3.86s.  This is often caused by long-running GIL-holding functions or moving large chunks of data. This can cause timeouts and instability.
2026-03-14 13:18:55,131 - distributed.core - INFO - Event loop was unresponsive in Worker for 4.63s.  This is often caused by long-running GIL-holding functions or moving large chunks of data. This can cause timeouts and instability.
2026-03-14 13:18:59,141 - distributed.core - INFO - Event loop was unresponsive in Worker for 3.65s.  This is often caused by long-running GIL-holding functions or moving large chunks of data. This can cause timeouts and instability.
2026-03-14 13:19:02,361 - distributed.core - INFO - Event loop was unresponsive in Worker for 3.22s.  This is often caused by long-running GIL-holding functions or moving large chunks of data. This can cause timeouts and instability.
2026-03-14 13:19:08,061 - distributed.core - INFO - Event loop was unresponsive in Worker for 5.25s.  This is often caused by long-running GIL-holding functions or moving large chunks of data. This can cause timeouts and instability.
2026-03-14 13:19:11,646 - distributed.core - INFO - Event loop was unresponsive in Worker for 3.58s.  This is often caused by long-running GIL-holding functions or moving large chunks of data. This can cause timeouts and instability.
2026-03-14 13:19:17,075 - distributed.core - INFO - Event loop was unresponsive in Worker for 5.43s.  This is often caused by long-running GIL-holding functions or moving large chunks of data. This can cause timeouts and instability.
2026-03-14 13:19:21,710 - distributed.core - INFO - Event loop was unresponsive in Worker for 4.01s.  This is often caused by long-running GIL-holding functions or moving large chunks of data. This can cause timeouts and instability.
2026-03-14 13:19:26,114 - distributed.core - INFO - Event loop was unresponsive in Worker for 4.40s.  This is often caused by long-running GIL-holding functions or moving large chunks of data. This can cause timeouts and instability.
2026-03-14 13:20:16,721 - distributed.core - INFO - Event loop was unresponsive in Worker for 4.02s.  This is often caused by long-running GIL-holding functions or moving large chunks of data. This can cause timeouts and instability.
2026-03-14 13:20:24,156 - distributed.core - INFO - Event loop was unresponsive in Worker for 3.78s.  This is often caused by long-running GIL-holding functions or moving large chunks of data. This can cause timeouts and instability.
2026-03-14 13:20:36,470 - distributed.core - INFO - Event loop was unresponsive in Worker for 3.42s.  This is often caused by long-running GIL-holding functions or moving large chunks of data. This can cause timeouts and instability.
2026-03-14 13:20:45,852 - distributed.core - INFO - Event loop was unresponsive in Worker for 3.21s.  This is often caused by long-running GIL-holding functions or moving large chunks of data. This can cause timeouts and instability.
2026-03-14 13:20:56,878 - distributed.core - INFO - Event loop was unresponsive in Worker for 3.59s.  This is often caused by long-running GIL-holding functions or moving large chunks of data. This can cause timeouts and instability.
2026-03-14 13:21:01,591 - distributed.core - INFO - Event loop was unresponsive in Worker for 4.71s.  This is often caused by long-running GIL-holding functions or moving large chunks of data. This can cause timeouts and instability.
2026-03-14 13:21:06,320 - distributed.core - INFO - Event loop was unresponsive in Worker for 4.14s.  This is often caused by long-running GIL-holding functions or moving large chunks of data. This can cause timeouts and instability.
2026-03-14 13:21:09,848 - distributed.core - INFO - Event loop was unresponsive in Worker for 3.53s.  This is often caused by long-running GIL-holding functions or moving large chunks of data. This can cause timeouts and instability.
2026-03-14 13:21:13,635 - distributed.core - INFO - Event loop was unresponsive in Worker for 3.36s.  This is often caused by long-running GIL-holding functions or moving large chunks of data. This can cause timeouts and instability.
2026-03-14 13:22:04,487 - distributed.core - INFO - Event loop was unresponsive in Worker for 3.42s.  This is often caused by long-running GIL-holding functions or moving large chunks of data. This can cause timeouts and instability.
2026-03-14 13:22:16,341 - distributed.core - INFO - Event loop was unresponsive in Worker for 3.24s.  This is often caused by long-running GIL-holding functions or moving large chunks of data. This can cause timeouts and instability.
2026-03-14 13:22:20,557 - distributed.core - INFO - Event loop was unresponsive in Worker for 3.86s.  This is often caused by long-running GIL-holding functions or moving large chunks of data. This can cause timeouts and instability.
2026-03-14 13:22:43,996 - distributed.core - INFO - Event loop was unresponsive in Worker for 4.41s.  This is often caused by long-running GIL-holding functions or moving large chunks of data. This can cause timeouts and instability.
2026-03-14 13:22:47,354 - distributed.core - INFO - Event loop was unresponsive in Worker for 3.36s.  This is often caused by long-running GIL-holding functions or moving large chunks of data. This can cause timeouts and instability.
2026-03-14 13:22:51,434 - distributed.core - INFO - Event loop was unresponsive in Worker for 4.08s.  This is often caused by long-running GIL-holding functions or moving large chunks of data. This can cause timeouts and instability.
2026-03-14 13:23:50,615 - distributed.core - INFO - Event loop was unresponsive in Worker for 3.41s.  This is often caused by long-running GIL-holding functions or moving large chunks of data. This can cause timeouts and instability.
2026-03-14 13:24:01,446 - distributed.core - INFO - Event loop was unresponsive in Worker for 4.63s.  This is often caused by long-running GIL-holding functions or moving large chunks of data. This can cause timeouts and instability.
2026-03-14 13:24:05,891 - distributed.core - INFO - Event loop was unresponsive in Worker for 4.45s.  This is often caused by long-running GIL-holding functions or moving large chunks of data. This can cause timeouts and instability.
2026-03-14 13:24:10,820 - distributed.core - INFO - Event loop was unresponsive in Worker for 3.59s.  This is often caused by long-running GIL-holding functions or moving large chunks of data. This can cause timeouts and instability.
2026-03-14 13:24:13,945 - distributed.core - INFO - Event loop was unresponsive in Worker for 3.12s.  This is often caused by long-running GIL-holding functions or moving large chunks of data. This can cause timeouts and instability.
2026-03-14 13:24:34,320 - distributed.core - INFO - Event loop was unresponsive in Worker for 3.69s.  This is often caused by long-running GIL-holding functions or moving large chunks of data. This can cause timeouts and instability.
2026-03-14 13:24:39,672 - distributed.core - INFO - Event loop was unresponsive in Worker for 3.71s.  This is often caused by long-running GIL-holding functions or moving large chunks of data. This can cause timeouts and instability.
2026-03-14 13:25:47,115 - distributed.core - INFO - Event loop was unresponsive in Worker for 3.11s.  This is often caused by long-running GIL-holding functions or moving large chunks of data. This can cause timeouts and instability.
2026-03-14 13:25:53,945 - distributed.core - INFO - Event loop was unresponsive in Worker for 3.55s.  This is often caused by long-running GIL-holding functions or moving large chunks of data. This can cause timeouts and instability.
2026-03-14 13:26:01,175 - distributed.core - INFO - Event loop was unresponsive in Worker for 4.03s.  This is often caused by long-running GIL-holding functions or moving large chunks of data. This can cause timeouts and instability.
2026-03-14 13:26:04,658 - distributed.core - INFO - Event loop was unresponsive in Worker for 3.48s.  This is often caused by long-running GIL-holding functions or moving large chunks of data. This can cause timeouts and instability.
2026-03-14 13:27:36,448 - distributed.core - INFO - Event loop was unresponsive in Worker for 3.38s.  This is often caused by long-running GIL-holding functions or moving large chunks of data. This can cause timeouts and instability.
2026-03-14 13:27:40,415 - distributed.core - INFO - Event loop was unresponsive in Worker for 3.97s.  This is often caused by long-running GIL-holding functions or moving large chunks of data. This can cause timeouts and instability.
2026-03-14 13:27:43,444 - distributed.core - INFO - Event loop was unresponsive in Worker for 3.03s.  This is often caused by long-running GIL-holding functions or moving large chunks of data. This can cause timeouts and instability.
2026-03-14 13:27:50,074 - distributed.core - INFO - Event loop was unresponsive in Worker for 3.89s.  This is often caused by long-running GIL-holding functions or moving large chunks of data. This can cause timeouts and instability.
slurmstepd: error: *** JOB 10374374 ON NucleusB078 CANCELLED AT 2026-03-14T13:36:56 ***
