2026-03-14 10:25:50,446 - distributed.nanny - INFO -         Start Nanny at: 'tcp://10.100.162.80:42149'
2026-03-14 10:25:51,377 - distributed.worker - INFO -       Start worker at:  tcp://10.100.162.80:41245
2026-03-14 10:25:51,378 - distributed.worker - INFO -          Listening to:  tcp://10.100.162.80:41245
2026-03-14 10:25:51,378 - distributed.worker - INFO -           Worker name:             SLURMCluster-3
2026-03-14 10:25:51,378 - distributed.worker - INFO -          dashboard at:        10.100.162.80:36407
2026-03-14 10:25:51,378 - distributed.worker - INFO - Waiting to connect to:  tcp://10.100.162.59:33697
2026-03-14 10:25:51,378 - distributed.worker - INFO - -------------------------------------------------
2026-03-14 10:25:51,378 - distributed.worker - INFO -               Threads:                         70
2026-03-14 10:25:51,378 - distributed.worker - INFO -                Memory:                 465.66 GiB
2026-03-14 10:25:51,378 - distributed.worker - INFO -       Local Directory: /project/bioinformatics/Danuser_lab/Dean/dean/temp/dask-scratch-space/worker-yjoa4v_i
2026-03-14 10:25:51,378 - distributed.worker - INFO - -------------------------------------------------
2026-03-14 10:25:55,474 - distributed.worker - INFO - Starting Worker plugin shuffle
2026-03-14 10:25:55,474 - distributed.worker - INFO -         Registered to:  tcp://10.100.162.59:33697
2026-03-14 10:25:55,474 - distributed.worker - INFO - -------------------------------------------------
2026-03-14 10:25:55,474 - distributed.core - INFO - Starting established connection to tcp://10.100.162.59:33697
2026-03-14 10:26:11,053 - distributed.core - INFO - Event loop was unresponsive in Worker for 12.62s.  This is often caused by long-running GIL-holding functions or moving large chunks of data. This can cause timeouts and instability.
/project/bioinformatics/Danuser_lab/Dean/dean/git/clearex/.venv/lib/python3.12/site-packages/zarr/n5.py:77: FutureWarning: The N5Store is deprecated and will be removed in a Zarr-Python version 3, see https://github.com/zarr-developers/zarr-python/issues/1274 for more information.
  super().__init__(*args, **kwargs)
/project/bioinformatics/Danuser_lab/Dean/dean/git/clearex/.venv/lib/python3.12/site-packages/zarr/storage.py:179: FutureWarning: The N5Store is deprecated and will be removed in a Zarr-Python version 3, see https://github.com/zarr-developers/zarr-python/issues/1274 and https://github.com/zarr-developers/n5py for more information.
  return N5Store(store)
2026-03-14 10:26:38,139 - distributed.core - INFO - Event loop was unresponsive in Worker for 3.54s.  This is often caused by long-running GIL-holding functions or moving large chunks of data. This can cause timeouts and instability.
2026-03-14 10:26:43,342 - distributed.core - INFO - Event loop was unresponsive in Worker for 4.86s.  This is often caused by long-running GIL-holding functions or moving large chunks of data. This can cause timeouts and instability.
2026-03-14 10:26:49,623 - distributed.core - INFO - Event loop was unresponsive in Worker for 5.42s.  This is often caused by long-running GIL-holding functions or moving large chunks of data. This can cause timeouts and instability.
2026-03-14 10:27:07,280 - distributed.core - INFO - Event loop was unresponsive in Worker for 3.68s.  This is often caused by long-running GIL-holding functions or moving large chunks of data. This can cause timeouts and instability.
2026-03-14 10:27:10,972 - distributed.core - INFO - Event loop was unresponsive in Worker for 3.69s.  This is often caused by long-running GIL-holding functions or moving large chunks of data. This can cause timeouts and instability.
2026-03-14 10:27:30,152 - distributed.core - INFO - Event loop was unresponsive in Worker for 12.74s.  This is often caused by long-running GIL-holding functions or moving large chunks of data. This can cause timeouts and instability.
2026-03-14 10:27:37,222 - distributed.core - INFO - Event loop was unresponsive in Worker for 7.01s.  This is often caused by long-running GIL-holding functions or moving large chunks of data. This can cause timeouts and instability.
2026-03-14 10:28:03,297 - distributed.core - INFO - Event loop was unresponsive in Worker for 22.34s.  This is often caused by long-running GIL-holding functions or moving large chunks of data. This can cause timeouts and instability.
/project/bioinformatics/Danuser_lab/Dean/dean/git/clearex/.venv/lib/python3.12/site-packages/zarr/n5.py:77: FutureWarning: The N5Store is deprecated and will be removed in a Zarr-Python version 3, see https://github.com/zarr-developers/zarr-python/issues/1274 for more information.
  super().__init__(*args, **kwargs)
/project/bioinformatics/Danuser_lab/Dean/dean/git/clearex/.venv/lib/python3.12/site-packages/zarr/storage.py:179: FutureWarning: The N5Store is deprecated and will be removed in a Zarr-Python version 3, see https://github.com/zarr-developers/zarr-python/issues/1274 and https://github.com/zarr-developers/n5py for more information.
  return N5Store(store)
2026-03-14 11:41:37,044 - distributed.core - INFO - Event loop was unresponsive in Worker for 4.55s.  This is often caused by long-running GIL-holding functions or moving large chunks of data. This can cause timeouts and instability.
2026-03-14 13:15:12,528 - distributed.core - INFO - Event loop was unresponsive in Worker for 3.00s.  This is often caused by long-running GIL-holding functions or moving large chunks of data. This can cause timeouts and instability.
2026-03-14 13:15:19,598 - distributed.core - INFO - Event loop was unresponsive in Worker for 3.46s.  This is often caused by long-running GIL-holding functions or moving large chunks of data. This can cause timeouts and instability.
2026-03-14 13:15:23,925 - distributed.core - INFO - Event loop was unresponsive in Worker for 3.51s.  This is often caused by long-running GIL-holding functions or moving large chunks of data. This can cause timeouts and instability.
2026-03-14 13:15:27,900 - distributed.core - INFO - Event loop was unresponsive in Worker for 3.98s.  This is often caused by long-running GIL-holding functions or moving large chunks of data. This can cause timeouts and instability.
2026-03-14 13:15:31,925 - distributed.core - INFO - Event loop was unresponsive in Worker for 3.69s.  This is often caused by long-running GIL-holding functions or moving large chunks of data. This can cause timeouts and instability.
2026-03-14 13:15:37,884 - distributed.core - INFO - Event loop was unresponsive in Worker for 5.51s.  This is often caused by long-running GIL-holding functions or moving large chunks of data. This can cause timeouts and instability.
2026-03-14 13:15:42,292 - distributed.core - INFO - Event loop was unresponsive in Worker for 4.41s.  This is often caused by long-running GIL-holding functions or moving large chunks of data. This can cause timeouts and instability.
2026-03-14 13:15:47,020 - distributed.core - INFO - Event loop was unresponsive in Worker for 3.31s.  This is often caused by long-running GIL-holding functions or moving large chunks of data. This can cause timeouts and instability.
2026-03-14 13:15:50,590 - distributed.core - INFO - Event loop was unresponsive in Worker for 3.57s.  This is often caused by long-running GIL-holding functions or moving large chunks of data. This can cause timeouts and instability.
2026-03-14 13:15:54,036 - distributed.core - INFO - Event loop was unresponsive in Worker for 3.45s.  This is often caused by long-running GIL-holding functions or moving large chunks of data. This can cause timeouts and instability.
2026-03-14 13:15:57,433 - distributed.core - INFO - Event loop was unresponsive in Worker for 3.40s.  This is often caused by long-running GIL-holding functions or moving large chunks of data. This can cause timeouts and instability.
2026-03-14 13:16:01,452 - distributed.core - INFO - Event loop was unresponsive in Worker for 4.02s.  This is often caused by long-running GIL-holding functions or moving large chunks of data. This can cause timeouts and instability.
2026-03-14 13:16:04,688 - distributed.core - INFO - Event loop was unresponsive in Worker for 3.24s.  This is often caused by long-running GIL-holding functions or moving large chunks of data. This can cause timeouts and instability.
2026-03-14 13:16:32,110 - distributed.core - INFO - Event loop was unresponsive in Worker for 3.28s.  This is often caused by long-running GIL-holding functions or moving large chunks of data. This can cause timeouts and instability.
2026-03-14 13:17:12,865 - distributed.core - INFO - Event loop was unresponsive in Worker for 3.40s.  This is often caused by long-running GIL-holding functions or moving large chunks of data. This can cause timeouts and instability.
2026-03-14 13:17:19,646 - distributed.core - INFO - Event loop was unresponsive in Worker for 3.58s.  This is often caused by long-running GIL-holding functions or moving large chunks of data. This can cause timeouts and instability.
2026-03-14 13:17:23,547 - distributed.core - INFO - Event loop was unresponsive in Worker for 3.46s.  This is often caused by long-running GIL-holding functions or moving large chunks of data. This can cause timeouts and instability.
2026-03-14 13:17:26,741 - distributed.core - INFO - Event loop was unresponsive in Worker for 3.19s.  This is often caused by long-running GIL-holding functions or moving large chunks of data. This can cause timeouts and instability.
2026-03-14 13:17:30,545 - distributed.core - INFO - Event loop was unresponsive in Worker for 3.80s.  This is often caused by long-running GIL-holding functions or moving large chunks of data. This can cause timeouts and instability.
2026-03-14 13:17:34,405 - distributed.core - INFO - Event loop was unresponsive in Worker for 3.86s.  This is often caused by long-running GIL-holding functions or moving large chunks of data. This can cause timeouts and instability.
2026-03-14 13:17:39,532 - distributed.core - INFO - Event loop was unresponsive in Worker for 5.02s.  This is often caused by long-running GIL-holding functions or moving large chunks of data. This can cause timeouts and instability.
2026-03-14 13:17:46,715 - distributed.core - INFO - Event loop was unresponsive in Worker for 3.74s.  This is often caused by long-running GIL-holding functions or moving large chunks of data. This can cause timeouts and instability.
2026-03-14 13:17:50,974 - distributed.core - INFO - Event loop was unresponsive in Worker for 4.26s.  This is often caused by long-running GIL-holding functions or moving large chunks of data. This can cause timeouts and instability.
2026-03-14 13:19:01,966 - distributed.core - INFO - Event loop was unresponsive in Worker for 4.24s.  This is often caused by long-running GIL-holding functions or moving large chunks of data. This can cause timeouts and instability.
2026-03-14 13:19:14,281 - distributed.core - INFO - Event loop was unresponsive in Worker for 3.77s.  This is often caused by long-running GIL-holding functions or moving large chunks of data. This can cause timeouts and instability.
2026-03-14 13:19:17,399 - distributed.core - INFO - Event loop was unresponsive in Worker for 3.12s.  This is often caused by long-running GIL-holding functions or moving large chunks of data. This can cause timeouts and instability.
2026-03-14 13:19:24,580 - distributed.core - INFO - Event loop was unresponsive in Worker for 3.28s.  This is often caused by long-running GIL-holding functions or moving large chunks of data. This can cause timeouts and instability.
2026-03-14 13:19:29,027 - distributed.core - INFO - Event loop was unresponsive in Worker for 4.45s.  This is often caused by long-running GIL-holding functions or moving large chunks of data. This can cause timeouts and instability.
2026-03-14 13:19:33,329 - distributed.core - INFO - Event loop was unresponsive in Worker for 4.30s.  This is often caused by long-running GIL-holding functions or moving large chunks of data. This can cause timeouts and instability.
2026-03-14 13:19:36,996 - distributed.core - INFO - Event loop was unresponsive in Worker for 3.06s.  This is often caused by long-running GIL-holding functions or moving large chunks of data. This can cause timeouts and instability.
2026-03-14 13:20:36,572 - distributed.core - INFO - Event loop was unresponsive in Worker for 3.11s.  This is often caused by long-running GIL-holding functions or moving large chunks of data. This can cause timeouts and instability.
2026-03-14 13:21:00,366 - distributed.core - INFO - Event loop was unresponsive in Worker for 3.92s.  This is often caused by long-running GIL-holding functions or moving large chunks of data. This can cause timeouts and instability.
2026-03-14 13:21:06,415 - distributed.core - INFO - Event loop was unresponsive in Worker for 3.21s.  This is often caused by long-running GIL-holding functions or moving large chunks of data. This can cause timeouts and instability.
2026-03-14 13:21:10,979 - distributed.core - INFO - Event loop was unresponsive in Worker for 4.56s.  This is often caused by long-running GIL-holding functions or moving large chunks of data. This can cause timeouts and instability.
2026-03-14 13:21:15,627 - distributed.core - INFO - Event loop was unresponsive in Worker for 4.65s.  This is often caused by long-running GIL-holding functions or moving large chunks of data. This can cause timeouts and instability.
2026-03-14 13:22:30,418 - distributed.core - INFO - Event loop was unresponsive in Worker for 3.09s.  This is often caused by long-running GIL-holding functions or moving large chunks of data. This can cause timeouts and instability.
2026-03-14 13:22:33,630 - distributed.core - INFO - Event loop was unresponsive in Worker for 3.02s.  This is often caused by long-running GIL-holding functions or moving large chunks of data. This can cause timeouts and instability.
2026-03-14 13:22:37,173 - distributed.core - INFO - Event loop was unresponsive in Worker for 3.10s.  This is often caused by long-running GIL-holding functions or moving large chunks of data. This can cause timeouts and instability.
2026-03-14 13:22:40,391 - distributed.core - INFO - Event loop was unresponsive in Worker for 3.22s.  This is often caused by long-running GIL-holding functions or moving large chunks of data. This can cause timeouts and instability.
2026-03-14 13:22:48,639 - distributed.core - INFO - Event loop was unresponsive in Worker for 3.54s.  This is often caused by long-running GIL-holding functions or moving large chunks of data. This can cause timeouts and instability.
2026-03-14 13:22:52,891 - distributed.core - INFO - Event loop was unresponsive in Worker for 3.11s.  This is often caused by long-running GIL-holding functions or moving large chunks of data. This can cause timeouts and instability.
2026-03-14 13:22:56,537 - distributed.core - INFO - Event loop was unresponsive in Worker for 3.65s.  This is often caused by long-running GIL-holding functions or moving large chunks of data. This can cause timeouts and instability.
2026-03-14 13:23:02,581 - distributed.core - INFO - Event loop was unresponsive in Worker for 3.12s.  This is often caused by long-running GIL-holding functions or moving large chunks of data. This can cause timeouts and instability.
2026-03-14 13:24:03,192 - distributed.core - INFO - Event loop was unresponsive in Worker for 3.03s.  This is often caused by long-running GIL-holding functions or moving large chunks of data. This can cause timeouts and instability.
2026-03-14 13:24:22,000 - distributed.core - INFO - Event loop was unresponsive in Worker for 4.08s.  This is often caused by long-running GIL-holding functions or moving large chunks of data. This can cause timeouts and instability.
2026-03-14 13:24:27,774 - distributed.core - INFO - Event loop was unresponsive in Worker for 4.75s.  This is often caused by long-running GIL-holding functions or moving large chunks of data. This can cause timeouts and instability.
2026-03-14 13:24:43,263 - distributed.core - INFO - Event loop was unresponsive in Worker for 4.01s.  This is often caused by long-running GIL-holding functions or moving large chunks of data. This can cause timeouts and instability.
2026-03-14 13:25:55,008 - distributed.core - INFO - Event loop was unresponsive in Worker for 3.04s.  This is often caused by long-running GIL-holding functions or moving large chunks of data. This can cause timeouts and instability.
2026-03-14 13:26:06,772 - distributed.core - INFO - Event loop was unresponsive in Worker for 3.07s.  This is often caused by long-running GIL-holding functions or moving large chunks of data. This can cause timeouts and instability.
2026-03-14 13:26:10,068 - distributed.core - INFO - Event loop was unresponsive in Worker for 3.30s.  This is often caused by long-running GIL-holding functions or moving large chunks of data. This can cause timeouts and instability.
2026-03-14 13:26:16,473 - distributed.core - INFO - Event loop was unresponsive in Worker for 3.43s.  This is often caused by long-running GIL-holding functions or moving large chunks of data. This can cause timeouts and instability.
2026-03-14 13:27:49,486 - distributed.core - INFO - Event loop was unresponsive in Worker for 3.66s.  This is often caused by long-running GIL-holding functions or moving large chunks of data. This can cause timeouts and instability.
2026-03-14 13:27:53,059 - distributed.core - INFO - Event loop was unresponsive in Worker for 3.57s.  This is often caused by long-running GIL-holding functions or moving large chunks of data. This can cause timeouts and instability.
slurmstepd: error: *** JOB 10374377 ON NucleusB080 CANCELLED AT 2026-03-14T13:36:56 ***
